<?xml version="1.0" encoding="UTF-8"?>
<testsuite xmlns:xsi="http://www.w3.org/2001/XMLSchema-instance" xsi:noNamespaceSchemaLocation="https://maven.apache.org/surefire/maven-surefire-plugin/xsd/surefire-test-report.xsd" name="com.ywyg.config.RuntimeConfigTest" time="0.005" tests="1" errors="0" skipped="0" failures="0">
  <properties>
    <property name="gopherProxySet" value="false"/>
    <property name="awt.toolkit" value="sun.lwawt.macosx.LWCToolkit"/>
    <property name="java.specification.version" value="11"/>
    <property name="sun.cpu.isalist" value=""/>
    <property name="sun.jnu.encoding" value="UTF-8"/>
    <property name="java.class.path" value="/Users/saijie.gao/Desktop/XJGEEEEEE/record_time/runtime/target/test-classes:/Users/saijie.gao/Desktop/XJGEEEEEE/record_time/runtime/target/classes:/Users/saijie.gao/.m2/repository/org/springframework/boot/spring-boot-starter/2.5.5/spring-boot-starter-2.5.5.jar:/Users/saijie.gao/.m2/repository/org/springframework/boot/spring-boot/2.5.5/spring-boot-2.5.5.jar:/Users/saijie.gao/.m2/repository/org/springframework/spring-context/5.3.10/spring-context-5.3.10.jar:/Users/saijie.gao/.m2/repository/org/springframework/spring-aop/5.3.10/spring-aop-5.3.10.jar:/Users/saijie.gao/.m2/repository/org/springframework/spring-beans/5.3.10/spring-beans-5.3.10.jar:/Users/saijie.gao/.m2/repository/org/springframework/spring-expression/5.3.10/spring-expression-5.3.10.jar:/Users/saijie.gao/.m2/repository/org/springframework/boot/spring-boot-autoconfigure/2.5.5/spring-boot-autoconfigure-2.5.5.jar:/Users/saijie.gao/.m2/repository/org/springframework/boot/spring-boot-starter-logging/2.5.5/spring-boot-starter-logging-2.5.5.jar:/Users/saijie.gao/.m2/repository/ch/qos/logback/logback-classic/1.2.6/logback-classic-1.2.6.jar:/Users/saijie.gao/.m2/repository/ch/qos/logback/logback-core/1.2.6/logback-core-1.2.6.jar:/Users/saijie.gao/.m2/repository/org/apache/logging/log4j/log4j-to-slf4j/2.14.1/log4j-to-slf4j-2.14.1.jar:/Users/saijie.gao/.m2/repository/org/apache/logging/log4j/log4j-api/2.14.1/log4j-api-2.14.1.jar:/Users/saijie.gao/.m2/repository/org/slf4j/jul-to-slf4j/1.7.32/jul-to-slf4j-1.7.32.jar:/Users/saijie.gao/.m2/repository/jakarta/annotation/jakarta.annotation-api/1.3.5/jakarta.annotation-api-1.3.5.jar:/Users/saijie.gao/.m2/repository/org/springframework/spring-core/5.3.10/spring-core-5.3.10.jar:/Users/saijie.gao/.m2/repository/org/springframework/spring-jcl/5.3.10/spring-jcl-5.3.10.jar:/Users/saijie.gao/.m2/repository/org/yaml/snakeyaml/1.28/snakeyaml-1.28.jar:/Users/saijie.gao/.m2/repository/org/springframework/boot/spring-boot-starter-test/2.5.5/spring-boot-starter-test-2.5.5.jar:/Users/saijie.gao/.m2/repository/org/springframework/boot/spring-boot-test/2.5.5/spring-boot-test-2.5.5.jar:/Users/saijie.gao/.m2/repository/org/springframework/boot/spring-boot-test-autoconfigure/2.5.5/spring-boot-test-autoconfigure-2.5.5.jar:/Users/saijie.gao/.m2/repository/com/jayway/jsonpath/json-path/2.5.0/json-path-2.5.0.jar:/Users/saijie.gao/.m2/repository/net/minidev/json-smart/2.4.7/json-smart-2.4.7.jar:/Users/saijie.gao/.m2/repository/net/minidev/accessors-smart/2.4.7/accessors-smart-2.4.7.jar:/Users/saijie.gao/.m2/repository/org/ow2/asm/asm/9.1/asm-9.1.jar:/Users/saijie.gao/.m2/repository/org/slf4j/slf4j-api/1.7.32/slf4j-api-1.7.32.jar:/Users/saijie.gao/.m2/repository/jakarta/xml/bind/jakarta.xml.bind-api/2.3.3/jakarta.xml.bind-api-2.3.3.jar:/Users/saijie.gao/.m2/repository/jakarta/activation/jakarta.activation-api/1.2.2/jakarta.activation-api-1.2.2.jar:/Users/saijie.gao/.m2/repository/org/assertj/assertj-core/3.19.0/assertj-core-3.19.0.jar:/Users/saijie.gao/.m2/repository/org/hamcrest/hamcrest/2.2/hamcrest-2.2.jar:/Users/saijie.gao/.m2/repository/org/junit/jupiter/junit-jupiter/5.7.2/junit-jupiter-5.7.2.jar:/Users/saijie.gao/.m2/repository/org/junit/jupiter/junit-jupiter-api/5.7.2/junit-jupiter-api-5.7.2.jar:/Users/saijie.gao/.m2/repository/org/apiguardian/apiguardian-api/1.1.0/apiguardian-api-1.1.0.jar:/Users/saijie.gao/.m2/repository/org/opentest4j/opentest4j/1.2.0/opentest4j-1.2.0.jar:/Users/saijie.gao/.m2/repository/org/junit/platform/junit-platform-commons/1.7.2/junit-platform-commons-1.7.2.jar:/Users/saijie.gao/.m2/repository/org/junit/jupiter/junit-jupiter-params/5.7.2/junit-jupiter-params-5.7.2.jar:/Users/saijie.gao/.m2/repository/org/junit/jupiter/junit-jupiter-engine/5.7.2/junit-jupiter-engine-5.7.2.jar:/Users/saijie.gao/.m2/repository/org/junit/platform/junit-platform-engine/1.7.2/junit-platform-engine-1.7.2.jar:/Users/saijie.gao/.m2/repository/org/mockito/mockito-core/3.9.0/mockito-core-3.9.0.jar:/Users/saijie.gao/.m2/repository/net/bytebuddy/byte-buddy/1.10.22/byte-buddy-1.10.22.jar:/Users/saijie.gao/.m2/repository/net/bytebuddy/byte-buddy-agent/1.10.22/byte-buddy-agent-1.10.22.jar:/Users/saijie.gao/.m2/repository/org/objenesis/objenesis/3.2/objenesis-3.2.jar:/Users/saijie.gao/.m2/repository/org/mockito/mockito-junit-jupiter/3.9.0/mockito-junit-jupiter-3.9.0.jar:/Users/saijie.gao/.m2/repository/org/skyscreamer/jsonassert/1.5.0/jsonassert-1.5.0.jar:/Users/saijie.gao/.m2/repository/com/vaadin/external/google/android-json/0.0.20131108.vaadin1/android-json-0.0.20131108.vaadin1.jar:/Users/saijie.gao/.m2/repository/org/springframework/spring-test/5.3.10/spring-test-5.3.10.jar:/Users/saijie.gao/.m2/repository/org/xmlunit/xmlunit-core/2.8.2/xmlunit-core-2.8.2.jar:/Users/saijie.gao/.m2/repository/org/projectlombok/lombok/1.18.20/lombok-1.18.20.jar:/Users/saijie.gao/.m2/repository/org/springframework/boot/spring-boot-starter-data-elasticsearch/2.6.2/spring-boot-starter-data-elasticsearch-2.6.2.jar:/Users/saijie.gao/.m2/repository/org/springframework/data/spring-data-elasticsearch/4.2.5/spring-data-elasticsearch-4.2.5.jar:/Users/saijie.gao/.m2/repository/org/springframework/spring-tx/5.3.10/spring-tx-5.3.10.jar:/Users/saijie.gao/.m2/repository/org/springframework/data/spring-data-commons/2.5.5/spring-data-commons-2.5.5.jar:/Users/saijie.gao/.m2/repository/org/elasticsearch/plugin/transport-netty4-client/7.12.1/transport-netty4-client-7.12.1.jar:/Users/saijie.gao/.m2/repository/io/netty/netty-buffer/4.1.68.Final/netty-buffer-4.1.68.Final.jar:/Users/saijie.gao/.m2/repository/io/netty/netty-codec/4.1.68.Final/netty-codec-4.1.68.Final.jar:/Users/saijie.gao/.m2/repository/io/netty/netty-codec-http/4.1.68.Final/netty-codec-http-4.1.68.Final.jar:/Users/saijie.gao/.m2/repository/io/netty/netty-common/4.1.68.Final/netty-common-4.1.68.Final.jar:/Users/saijie.gao/.m2/repository/io/netty/netty-handler/4.1.68.Final/netty-handler-4.1.68.Final.jar:/Users/saijie.gao/.m2/repository/io/netty/netty-resolver/4.1.68.Final/netty-resolver-4.1.68.Final.jar:/Users/saijie.gao/.m2/repository/io/netty/netty-transport/4.1.68.Final/netty-transport-4.1.68.Final.jar:/Users/saijie.gao/.m2/repository/org/elasticsearch/client/elasticsearch-rest-high-level-client/7.12.1/elasticsearch-rest-high-level-client-7.12.1.jar:/Users/saijie.gao/.m2/repository/org/elasticsearch/elasticsearch/7.12.1/elasticsearch-7.12.1.jar:/Users/saijie.gao/.m2/repository/org/elasticsearch/elasticsearch-core/7.12.1/elasticsearch-core-7.12.1.jar:/Users/saijie.gao/.m2/repository/org/elasticsearch/elasticsearch-secure-sm/7.12.1/elasticsearch-secure-sm-7.12.1.jar:/Users/saijie.gao/.m2/repository/org/elasticsearch/elasticsearch-x-content/7.12.1/elasticsearch-x-content-7.12.1.jar:/Users/saijie.gao/.m2/repository/com/fasterxml/jackson/dataformat/jackson-dataformat-smile/2.12.5/jackson-dataformat-smile-2.12.5.jar:/Users/saijie.gao/.m2/repository/com/fasterxml/jackson/dataformat/jackson-dataformat-yaml/2.12.5/jackson-dataformat-yaml-2.12.5.jar:/Users/saijie.gao/.m2/repository/com/fasterxml/jackson/dataformat/jackson-dataformat-cbor/2.12.5/jackson-dataformat-cbor-2.12.5.jar:/Users/saijie.gao/.m2/repository/org/elasticsearch/elasticsearch-geo/7.12.1/elasticsearch-geo-7.12.1.jar:/Users/saijie.gao/.m2/repository/org/apache/lucene/lucene-core/8.8.0/lucene-core-8.8.0.jar:/Users/saijie.gao/.m2/repository/org/apache/lucene/lucene-analyzers-common/8.8.0/lucene-analyzers-common-8.8.0.jar:/Users/saijie.gao/.m2/repository/org/apache/lucene/lucene-backward-codecs/8.8.0/lucene-backward-codecs-8.8.0.jar:/Users/saijie.gao/.m2/repository/org/apache/lucene/lucene-grouping/8.8.0/lucene-grouping-8.8.0.jar:/Users/saijie.gao/.m2/repository/org/apache/lucene/lucene-highlighter/8.8.0/lucene-highlighter-8.8.0.jar:/Users/saijie.gao/.m2/repository/org/apache/lucene/lucene-join/8.8.0/lucene-join-8.8.0.jar:/Users/saijie.gao/.m2/repository/org/apache/lucene/lucene-memory/8.8.0/lucene-memory-8.8.0.jar:/Users/saijie.gao/.m2/repository/org/apache/lucene/lucene-misc/8.8.0/lucene-misc-8.8.0.jar:/Users/saijie.gao/.m2/repository/org/apache/lucene/lucene-queries/8.8.0/lucene-queries-8.8.0.jar:/Users/saijie.gao/.m2/repository/org/apache/lucene/lucene-queryparser/8.8.0/lucene-queryparser-8.8.0.jar:/Users/saijie.gao/.m2/repository/org/apache/lucene/lucene-sandbox/8.8.0/lucene-sandbox-8.8.0.jar:/Users/saijie.gao/.m2/repository/org/apache/lucene/lucene-spatial-extras/8.8.0/lucene-spatial-extras-8.8.0.jar:/Users/saijie.gao/.m2/repository/org/apache/lucene/lucene-spatial3d/8.8.0/lucene-spatial3d-8.8.0.jar:/Users/saijie.gao/.m2/repository/org/apache/lucene/lucene-suggest/8.8.0/lucene-suggest-8.8.0.jar:/Users/saijie.gao/.m2/repository/org/elasticsearch/elasticsearch-cli/7.12.1/elasticsearch-cli-7.12.1.jar:/Users/saijie.gao/.m2/repository/net/sf/jopt-simple/jopt-simple/5.0.2/jopt-simple-5.0.2.jar:/Users/saijie.gao/.m2/repository/com/carrotsearch/hppc/0.8.1/hppc-0.8.1.jar:/Users/saijie.gao/.m2/repository/joda-time/joda-time/2.10.4/joda-time-2.10.4.jar:/Users/saijie.gao/.m2/repository/com/tdunning/t-digest/3.2/t-digest-3.2.jar:/Users/saijie.gao/.m2/repository/org/hdrhistogram/HdrHistogram/2.1.9/HdrHistogram-2.1.9.jar:/Users/saijie.gao/.m2/repository/org/elasticsearch/jna/5.7.0-1/jna-5.7.0-1.jar:/Users/saijie.gao/.m2/repository/org/elasticsearch/elasticsearch-plugin-classloader/7.12.1/elasticsearch-plugin-classloader-7.12.1.jar:/Users/saijie.gao/.m2/repository/org/elasticsearch/client/elasticsearch-rest-client/7.12.1/elasticsearch-rest-client-7.12.1.jar:/Users/saijie.gao/.m2/repository/org/apache/httpcomponents/httpclient/4.5.13/httpclient-4.5.13.jar:/Users/saijie.gao/.m2/repository/org/apache/httpcomponents/httpcore/4.4.14/httpcore-4.4.14.jar:/Users/saijie.gao/.m2/repository/org/apache/httpcomponents/httpasyncclient/4.1.4/httpasyncclient-4.1.4.jar:/Users/saijie.gao/.m2/repository/org/apache/httpcomponents/httpcore-nio/4.4.14/httpcore-nio-4.4.14.jar:/Users/saijie.gao/.m2/repository/commons-codec/commons-codec/1.15/commons-codec-1.15.jar:/Users/saijie.gao/.m2/repository/org/elasticsearch/plugin/mapper-extras-client/7.12.1/mapper-extras-client-7.12.1.jar:/Users/saijie.gao/.m2/repository/org/elasticsearch/plugin/parent-join-client/7.12.1/parent-join-client-7.12.1.jar:/Users/saijie.gao/.m2/repository/org/elasticsearch/plugin/aggs-matrix-stats-client/7.12.1/aggs-matrix-stats-client-7.12.1.jar:/Users/saijie.gao/.m2/repository/org/elasticsearch/plugin/rank-eval-client/7.12.1/rank-eval-client-7.12.1.jar:/Users/saijie.gao/.m2/repository/org/elasticsearch/plugin/lang-mustache-client/7.12.1/lang-mustache-client-7.12.1.jar:/Users/saijie.gao/.m2/repository/com/github/spullara/mustache/java/compiler/0.9.6/compiler-0.9.6.jar:/Users/saijie.gao/.m2/repository/com/fasterxml/jackson/core/jackson-core/2.12.5/jackson-core-2.12.5.jar:/Users/saijie.gao/.m2/repository/com/fasterxml/jackson/core/jackson-databind/2.12.5/jackson-databind-2.12.5.jar:/Users/saijie.gao/.m2/repository/com/fasterxml/jackson/core/jackson-annotations/2.12.5/jackson-annotations-2.12.5.jar:/Users/saijie.gao/.m2/repository/org/springframework/boot/spring-boot-configuration-processor/2.5.5/spring-boot-configuration-processor-2.5.5.jar:/Users/saijie.gao/.m2/repository/org/jetbrains/annotations/23.0.0/annotations-23.0.0.jar:"/>
    <property name="java.vm.vendor" value="Oracle Corporation"/>
    <property name="sun.arch.data.model" value="64"/>
    <property name="java.vendor.url" value="https://openjdk.java.net/"/>
    <property name="user.timezone" value=""/>
    <property name="java.vm.specification.version" value="11"/>
    <property name="os.name" value="Mac OS X"/>
    <property name="sun.java.launcher" value="SUN_STANDARD"/>
    <property name="user.country" value="CN"/>
    <property name="sun.boot.library.path" value="/Library/Java/JavaVirtualMachines/jdk-11.0.13.jdk/Contents/Home/lib"/>
    <property name="sun.java.command" value="/Users/saijie.gao/Desktop/XJGEEEEEE/record_time/runtime/target/surefire/surefirebooter14168153967160548915.jar /Users/saijie.gao/Desktop/XJGEEEEEE/record_time/runtime/target/surefire 2022-01-29T10-30-34_115-jvmRun1 surefire8033296199796749399tmp surefire_0745993816975912690tmp"/>
    <property name="http.nonProxyHosts" value="local|*.local|169.254/16|*.169.254/16"/>
    <property name="jdk.debug" value="release"/>
    <property name="surefire.test.class.path" value="/Users/saijie.gao/Desktop/XJGEEEEEE/record_time/runtime/target/test-classes:/Users/saijie.gao/Desktop/XJGEEEEEE/record_time/runtime/target/classes:/Users/saijie.gao/.m2/repository/org/springframework/boot/spring-boot-starter/2.5.5/spring-boot-starter-2.5.5.jar:/Users/saijie.gao/.m2/repository/org/springframework/boot/spring-boot/2.5.5/spring-boot-2.5.5.jar:/Users/saijie.gao/.m2/repository/org/springframework/spring-context/5.3.10/spring-context-5.3.10.jar:/Users/saijie.gao/.m2/repository/org/springframework/spring-aop/5.3.10/spring-aop-5.3.10.jar:/Users/saijie.gao/.m2/repository/org/springframework/spring-beans/5.3.10/spring-beans-5.3.10.jar:/Users/saijie.gao/.m2/repository/org/springframework/spring-expression/5.3.10/spring-expression-5.3.10.jar:/Users/saijie.gao/.m2/repository/org/springframework/boot/spring-boot-autoconfigure/2.5.5/spring-boot-autoconfigure-2.5.5.jar:/Users/saijie.gao/.m2/repository/org/springframework/boot/spring-boot-starter-logging/2.5.5/spring-boot-starter-logging-2.5.5.jar:/Users/saijie.gao/.m2/repository/ch/qos/logback/logback-classic/1.2.6/logback-classic-1.2.6.jar:/Users/saijie.gao/.m2/repository/ch/qos/logback/logback-core/1.2.6/logback-core-1.2.6.jar:/Users/saijie.gao/.m2/repository/org/apache/logging/log4j/log4j-to-slf4j/2.14.1/log4j-to-slf4j-2.14.1.jar:/Users/saijie.gao/.m2/repository/org/apache/logging/log4j/log4j-api/2.14.1/log4j-api-2.14.1.jar:/Users/saijie.gao/.m2/repository/org/slf4j/jul-to-slf4j/1.7.32/jul-to-slf4j-1.7.32.jar:/Users/saijie.gao/.m2/repository/jakarta/annotation/jakarta.annotation-api/1.3.5/jakarta.annotation-api-1.3.5.jar:/Users/saijie.gao/.m2/repository/org/springframework/spring-core/5.3.10/spring-core-5.3.10.jar:/Users/saijie.gao/.m2/repository/org/springframework/spring-jcl/5.3.10/spring-jcl-5.3.10.jar:/Users/saijie.gao/.m2/repository/org/yaml/snakeyaml/1.28/snakeyaml-1.28.jar:/Users/saijie.gao/.m2/repository/org/springframework/boot/spring-boot-starter-test/2.5.5/spring-boot-starter-test-2.5.5.jar:/Users/saijie.gao/.m2/repository/org/springframework/boot/spring-boot-test/2.5.5/spring-boot-test-2.5.5.jar:/Users/saijie.gao/.m2/repository/org/springframework/boot/spring-boot-test-autoconfigure/2.5.5/spring-boot-test-autoconfigure-2.5.5.jar:/Users/saijie.gao/.m2/repository/com/jayway/jsonpath/json-path/2.5.0/json-path-2.5.0.jar:/Users/saijie.gao/.m2/repository/net/minidev/json-smart/2.4.7/json-smart-2.4.7.jar:/Users/saijie.gao/.m2/repository/net/minidev/accessors-smart/2.4.7/accessors-smart-2.4.7.jar:/Users/saijie.gao/.m2/repository/org/ow2/asm/asm/9.1/asm-9.1.jar:/Users/saijie.gao/.m2/repository/org/slf4j/slf4j-api/1.7.32/slf4j-api-1.7.32.jar:/Users/saijie.gao/.m2/repository/jakarta/xml/bind/jakarta.xml.bind-api/2.3.3/jakarta.xml.bind-api-2.3.3.jar:/Users/saijie.gao/.m2/repository/jakarta/activation/jakarta.activation-api/1.2.2/jakarta.activation-api-1.2.2.jar:/Users/saijie.gao/.m2/repository/org/assertj/assertj-core/3.19.0/assertj-core-3.19.0.jar:/Users/saijie.gao/.m2/repository/org/hamcrest/hamcrest/2.2/hamcrest-2.2.jar:/Users/saijie.gao/.m2/repository/org/junit/jupiter/junit-jupiter/5.7.2/junit-jupiter-5.7.2.jar:/Users/saijie.gao/.m2/repository/org/junit/jupiter/junit-jupiter-api/5.7.2/junit-jupiter-api-5.7.2.jar:/Users/saijie.gao/.m2/repository/org/apiguardian/apiguardian-api/1.1.0/apiguardian-api-1.1.0.jar:/Users/saijie.gao/.m2/repository/org/opentest4j/opentest4j/1.2.0/opentest4j-1.2.0.jar:/Users/saijie.gao/.m2/repository/org/junit/platform/junit-platform-commons/1.7.2/junit-platform-commons-1.7.2.jar:/Users/saijie.gao/.m2/repository/org/junit/jupiter/junit-jupiter-params/5.7.2/junit-jupiter-params-5.7.2.jar:/Users/saijie.gao/.m2/repository/org/junit/jupiter/junit-jupiter-engine/5.7.2/junit-jupiter-engine-5.7.2.jar:/Users/saijie.gao/.m2/repository/org/junit/platform/junit-platform-engine/1.7.2/junit-platform-engine-1.7.2.jar:/Users/saijie.gao/.m2/repository/org/mockito/mockito-core/3.9.0/mockito-core-3.9.0.jar:/Users/saijie.gao/.m2/repository/net/bytebuddy/byte-buddy/1.10.22/byte-buddy-1.10.22.jar:/Users/saijie.gao/.m2/repository/net/bytebuddy/byte-buddy-agent/1.10.22/byte-buddy-agent-1.10.22.jar:/Users/saijie.gao/.m2/repository/org/objenesis/objenesis/3.2/objenesis-3.2.jar:/Users/saijie.gao/.m2/repository/org/mockito/mockito-junit-jupiter/3.9.0/mockito-junit-jupiter-3.9.0.jar:/Users/saijie.gao/.m2/repository/org/skyscreamer/jsonassert/1.5.0/jsonassert-1.5.0.jar:/Users/saijie.gao/.m2/repository/com/vaadin/external/google/android-json/0.0.20131108.vaadin1/android-json-0.0.20131108.vaadin1.jar:/Users/saijie.gao/.m2/repository/org/springframework/spring-test/5.3.10/spring-test-5.3.10.jar:/Users/saijie.gao/.m2/repository/org/xmlunit/xmlunit-core/2.8.2/xmlunit-core-2.8.2.jar:/Users/saijie.gao/.m2/repository/org/projectlombok/lombok/1.18.20/lombok-1.18.20.jar:/Users/saijie.gao/.m2/repository/org/springframework/boot/spring-boot-starter-data-elasticsearch/2.6.2/spring-boot-starter-data-elasticsearch-2.6.2.jar:/Users/saijie.gao/.m2/repository/org/springframework/data/spring-data-elasticsearch/4.2.5/spring-data-elasticsearch-4.2.5.jar:/Users/saijie.gao/.m2/repository/org/springframework/spring-tx/5.3.10/spring-tx-5.3.10.jar:/Users/saijie.gao/.m2/repository/org/springframework/data/spring-data-commons/2.5.5/spring-data-commons-2.5.5.jar:/Users/saijie.gao/.m2/repository/org/elasticsearch/plugin/transport-netty4-client/7.12.1/transport-netty4-client-7.12.1.jar:/Users/saijie.gao/.m2/repository/io/netty/netty-buffer/4.1.68.Final/netty-buffer-4.1.68.Final.jar:/Users/saijie.gao/.m2/repository/io/netty/netty-codec/4.1.68.Final/netty-codec-4.1.68.Final.jar:/Users/saijie.gao/.m2/repository/io/netty/netty-codec-http/4.1.68.Final/netty-codec-http-4.1.68.Final.jar:/Users/saijie.gao/.m2/repository/io/netty/netty-common/4.1.68.Final/netty-common-4.1.68.Final.jar:/Users/saijie.gao/.m2/repository/io/netty/netty-handler/4.1.68.Final/netty-handler-4.1.68.Final.jar:/Users/saijie.gao/.m2/repository/io/netty/netty-resolver/4.1.68.Final/netty-resolver-4.1.68.Final.jar:/Users/saijie.gao/.m2/repository/io/netty/netty-transport/4.1.68.Final/netty-transport-4.1.68.Final.jar:/Users/saijie.gao/.m2/repository/org/elasticsearch/client/elasticsearch-rest-high-level-client/7.12.1/elasticsearch-rest-high-level-client-7.12.1.jar:/Users/saijie.gao/.m2/repository/org/elasticsearch/elasticsearch/7.12.1/elasticsearch-7.12.1.jar:/Users/saijie.gao/.m2/repository/org/elasticsearch/elasticsearch-core/7.12.1/elasticsearch-core-7.12.1.jar:/Users/saijie.gao/.m2/repository/org/elasticsearch/elasticsearch-secure-sm/7.12.1/elasticsearch-secure-sm-7.12.1.jar:/Users/saijie.gao/.m2/repository/org/elasticsearch/elasticsearch-x-content/7.12.1/elasticsearch-x-content-7.12.1.jar:/Users/saijie.gao/.m2/repository/com/fasterxml/jackson/dataformat/jackson-dataformat-smile/2.12.5/jackson-dataformat-smile-2.12.5.jar:/Users/saijie.gao/.m2/repository/com/fasterxml/jackson/dataformat/jackson-dataformat-yaml/2.12.5/jackson-dataformat-yaml-2.12.5.jar:/Users/saijie.gao/.m2/repository/com/fasterxml/jackson/dataformat/jackson-dataformat-cbor/2.12.5/jackson-dataformat-cbor-2.12.5.jar:/Users/saijie.gao/.m2/repository/org/elasticsearch/elasticsearch-geo/7.12.1/elasticsearch-geo-7.12.1.jar:/Users/saijie.gao/.m2/repository/org/apache/lucene/lucene-core/8.8.0/lucene-core-8.8.0.jar:/Users/saijie.gao/.m2/repository/org/apache/lucene/lucene-analyzers-common/8.8.0/lucene-analyzers-common-8.8.0.jar:/Users/saijie.gao/.m2/repository/org/apache/lucene/lucene-backward-codecs/8.8.0/lucene-backward-codecs-8.8.0.jar:/Users/saijie.gao/.m2/repository/org/apache/lucene/lucene-grouping/8.8.0/lucene-grouping-8.8.0.jar:/Users/saijie.gao/.m2/repository/org/apache/lucene/lucene-highlighter/8.8.0/lucene-highlighter-8.8.0.jar:/Users/saijie.gao/.m2/repository/org/apache/lucene/lucene-join/8.8.0/lucene-join-8.8.0.jar:/Users/saijie.gao/.m2/repository/org/apache/lucene/lucene-memory/8.8.0/lucene-memory-8.8.0.jar:/Users/saijie.gao/.m2/repository/org/apache/lucene/lucene-misc/8.8.0/lucene-misc-8.8.0.jar:/Users/saijie.gao/.m2/repository/org/apache/lucene/lucene-queries/8.8.0/lucene-queries-8.8.0.jar:/Users/saijie.gao/.m2/repository/org/apache/lucene/lucene-queryparser/8.8.0/lucene-queryparser-8.8.0.jar:/Users/saijie.gao/.m2/repository/org/apache/lucene/lucene-sandbox/8.8.0/lucene-sandbox-8.8.0.jar:/Users/saijie.gao/.m2/repository/org/apache/lucene/lucene-spatial-extras/8.8.0/lucene-spatial-extras-8.8.0.jar:/Users/saijie.gao/.m2/repository/org/apache/lucene/lucene-spatial3d/8.8.0/lucene-spatial3d-8.8.0.jar:/Users/saijie.gao/.m2/repository/org/apache/lucene/lucene-suggest/8.8.0/lucene-suggest-8.8.0.jar:/Users/saijie.gao/.m2/repository/org/elasticsearch/elasticsearch-cli/7.12.1/elasticsearch-cli-7.12.1.jar:/Users/saijie.gao/.m2/repository/net/sf/jopt-simple/jopt-simple/5.0.2/jopt-simple-5.0.2.jar:/Users/saijie.gao/.m2/repository/com/carrotsearch/hppc/0.8.1/hppc-0.8.1.jar:/Users/saijie.gao/.m2/repository/joda-time/joda-time/2.10.4/joda-time-2.10.4.jar:/Users/saijie.gao/.m2/repository/com/tdunning/t-digest/3.2/t-digest-3.2.jar:/Users/saijie.gao/.m2/repository/org/hdrhistogram/HdrHistogram/2.1.9/HdrHistogram-2.1.9.jar:/Users/saijie.gao/.m2/repository/org/elasticsearch/jna/5.7.0-1/jna-5.7.0-1.jar:/Users/saijie.gao/.m2/repository/org/elasticsearch/elasticsearch-plugin-classloader/7.12.1/elasticsearch-plugin-classloader-7.12.1.jar:/Users/saijie.gao/.m2/repository/org/elasticsearch/client/elasticsearch-rest-client/7.12.1/elasticsearch-rest-client-7.12.1.jar:/Users/saijie.gao/.m2/repository/org/apache/httpcomponents/httpclient/4.5.13/httpclient-4.5.13.jar:/Users/saijie.gao/.m2/repository/org/apache/httpcomponents/httpcore/4.4.14/httpcore-4.4.14.jar:/Users/saijie.gao/.m2/repository/org/apache/httpcomponents/httpasyncclient/4.1.4/httpasyncclient-4.1.4.jar:/Users/saijie.gao/.m2/repository/org/apache/httpcomponents/httpcore-nio/4.4.14/httpcore-nio-4.4.14.jar:/Users/saijie.gao/.m2/repository/commons-codec/commons-codec/1.15/commons-codec-1.15.jar:/Users/saijie.gao/.m2/repository/org/elasticsearch/plugin/mapper-extras-client/7.12.1/mapper-extras-client-7.12.1.jar:/Users/saijie.gao/.m2/repository/org/elasticsearch/plugin/parent-join-client/7.12.1/parent-join-client-7.12.1.jar:/Users/saijie.gao/.m2/repository/org/elasticsearch/plugin/aggs-matrix-stats-client/7.12.1/aggs-matrix-stats-client-7.12.1.jar:/Users/saijie.gao/.m2/repository/org/elasticsearch/plugin/rank-eval-client/7.12.1/rank-eval-client-7.12.1.jar:/Users/saijie.gao/.m2/repository/org/elasticsearch/plugin/lang-mustache-client/7.12.1/lang-mustache-client-7.12.1.jar:/Users/saijie.gao/.m2/repository/com/github/spullara/mustache/java/compiler/0.9.6/compiler-0.9.6.jar:/Users/saijie.gao/.m2/repository/com/fasterxml/jackson/core/jackson-core/2.12.5/jackson-core-2.12.5.jar:/Users/saijie.gao/.m2/repository/com/fasterxml/jackson/core/jackson-databind/2.12.5/jackson-databind-2.12.5.jar:/Users/saijie.gao/.m2/repository/com/fasterxml/jackson/core/jackson-annotations/2.12.5/jackson-annotations-2.12.5.jar:/Users/saijie.gao/.m2/repository/org/springframework/boot/spring-boot-configuration-processor/2.5.5/spring-boot-configuration-processor-2.5.5.jar:/Users/saijie.gao/.m2/repository/org/jetbrains/annotations/23.0.0/annotations-23.0.0.jar:"/>
    <property name="sun.cpu.endian" value="little"/>
    <property name="user.home" value="/Users/saijie.gao"/>
    <property name="user.language" value="zh"/>
    <property name="java.specification.vendor" value="Oracle Corporation"/>
    <property name="java.version.date" value="2021-10-19"/>
    <property name="java.home" value="/Library/Java/JavaVirtualMachines/jdk-11.0.13.jdk/Contents/Home"/>
    <property name="file.separator" value="/"/>
    <property name="basedir" value="/Users/saijie.gao/Desktop/XJGEEEEEE/record_time/runtime"/>
    <property name="java.vm.compressedOopsMode" value="Zero based"/>
    <property name="line.separator" value="&#10;"/>
    <property name="java.specification.name" value="Java Platform API Specification"/>
    <property name="java.vm.specification.vendor" value="Oracle Corporation"/>
    <property name="java.awt.graphicsenv" value="sun.awt.CGraphicsEnvironment"/>
    <property name="surefire.real.class.path" value="/Users/saijie.gao/Desktop/XJGEEEEEE/record_time/runtime/target/surefire/surefirebooter14168153967160548915.jar"/>
    <property name="user.script" value="Hans"/>
    <property name="sun.management.compiler" value="HotSpot 64-Bit Tiered Compilers"/>
    <property name="ftp.nonProxyHosts" value="local|*.local|169.254/16|*.169.254/16"/>
    <property name="java.runtime.version" value="11.0.13+10-LTS-370"/>
    <property name="user.name" value="saijie.gao"/>
    <property name="path.separator" value=":"/>
    <property name="os.version" value="11.5"/>
    <property name="java.runtime.name" value="Java(TM) SE Runtime Environment"/>
    <property name="file.encoding" value="UTF-8"/>
    <property name="java.vm.name" value="Java HotSpot(TM) 64-Bit Server VM"/>
    <property name="java.vendor.version" value="18.9"/>
    <property name="localRepository" value="/Users/saijie.gao/.m2/repository"/>
    <property name="java.vendor.url.bug" value="https://bugreport.java.com/bugreport/"/>
    <property name="java.io.tmpdir" value="/var/folders/8b/vlkdhp_n3lb1lkhzc74yy4ww0000gp/T/"/>
    <property name="java.version" value="11.0.13"/>
    <property name="user.dir" value="/Users/saijie.gao/Desktop/XJGEEEEEE/record_time/runtime"/>
    <property name="os.arch" value="x86_64"/>
    <property name="java.vm.specification.name" value="Java Virtual Machine Specification"/>
    <property name="java.awt.printerjob" value="sun.lwawt.macosx.CPrinterJob"/>
    <property name="sun.os.patch.level" value="unknown"/>
    <property name="java.library.path" value="/Users/saijie.gao/Library/Java/Extensions:/Library/Java/Extensions:/Network/Library/Java/Extensions:/System/Library/Java/Extensions:/usr/lib/java:."/>
    <property name="java.vendor" value="Oracle Corporation"/>
    <property name="java.vm.info" value="mixed mode"/>
    <property name="java.vm.version" value="11.0.13+10-LTS-370"/>
    <property name="sun.io.unicode.encoding" value="UnicodeBig"/>
    <property name="java.class.version" value="55.0"/>
    <property name="socksNonProxyHosts" value="local|*.local|169.254/16|*.169.254/16"/>
  </properties>
  <testcase name="ListAnnotation" classname="com.ywyg.config.RuntimeConfigTest" time="0.001"/>
</testsuite>